2025-11-06 21:03:21,094 [Worker-4: Loading available Gradle versions] INFO  o.e.b.c.i.u.g.PublishedGradleVersions - Gradle version information cache is not available. Remote download required.
2025-11-06 21:03:56,228 [Worker-7: Importing Maven projects] INFO  o.e.m.c.i.l.LifecycleMappingFactory - Using org.maven.ide.eclipse.wtp.WarLifecycleMapping lifecycle mapping for MavenProject: com.klef.dev:recipemanagementapi:0.0.1-SNAPSHOT @ C:\ODD_SEM_DEVOPS\RECIPE-ANSIBLE\recipedemoproject\pom.xml.
2025-11-06 21:04:03,649 [Worker-7: Importing Maven projects] INFO  o.e.m.j.i.AbstractJavaProjectConfigurator - Adding source folder /recipedemoproject/src/main/java
2025-11-06 21:04:03,656 [Worker-7: Importing Maven projects] INFO  o.e.m.j.i.AbstractJavaProjectConfigurator - Adding resource folder /recipedemoproject/src/main/resources
2025-11-06 21:04:03,660 [Worker-7: Importing Maven projects] INFO  o.e.m.j.i.AbstractJavaProjectConfigurator - Adding resource folder /recipedemoproject/src/main/resources
2025-11-06 21:04:03,664 [Worker-7: Importing Maven projects] INFO  o.e.m.j.i.AbstractJavaProjectConfigurator - Adding source folder /recipedemoproject/src/test/java
2025-11-06 21:04:03,667 [Worker-7: Importing Maven projects] INFO  o.e.m.j.i.AbstractJavaProjectConfigurator - Adding resource folder /recipedemoproject/src/test/resources
2025-11-06 21:04:08,748 [Worker-7: Importing Maven projects] INFO  o.e.m.c.i.p.ProjectConfigurationManager - Imported and configured 1 project(s) in 15 sec
2025-11-06 21:04:09,106 [Worker-17: Updating Maven Project] INFO  o.e.m.c.i.p.ProjectConfigurationManager - Update started
2025-11-06 21:04:10,659 [Worker-17: Updating Maven Project] INFO  o.e.m.c.i.l.LifecycleMappingFactory - Using org.maven.ide.eclipse.wtp.WarLifecycleMapping lifecycle mapping for MavenProject: com.klef.dev:recipemanagementapi:0.0.1-SNAPSHOT @ C:\ODD_SEM_DEVOPS\RECIPE-ANSIBLE\recipedemoproject\pom.xml.
2025-11-06 21:04:13,203 [Worker-17: Updating Maven Project] INFO  o.e.m.j.i.AbstractJavaProjectConfigurator - Adding source folder /recipedemoproject/src/main/java
2025-11-06 21:04:13,204 [Worker-17: Updating Maven Project] INFO  o.e.m.j.i.AbstractJavaProjectConfigurator - Adding resource folder /recipedemoproject/src/main/resources
2025-11-06 21:04:13,206 [Worker-17: Updating Maven Project] INFO  o.e.m.j.i.AbstractJavaProjectConfigurator - Adding resource folder /recipedemoproject/src/main/resources
2025-11-06 21:04:13,208 [Worker-17: Updating Maven Project] INFO  o.e.m.j.i.AbstractJavaProjectConfigurator - Adding source folder /recipedemoproject/src/test/java
2025-11-06 21:04:13,209 [Worker-17: Updating Maven Project] INFO  o.e.m.j.i.AbstractJavaProjectConfigurator - Adding resource folder /recipedemoproject/src/test/resources
2025-11-06 21:04:17,357 [Worker-17: Updating Maven Project] INFO  o.e.m.w.i.f.ResourceFilteringBuildParticipant - Cleaning filtered folder for recipedemoproject
2025-11-06 21:04:17,439 [Worker-17: Updating Maven Project] INFO  o.e.m.c.i.p.ProjectConfigurationManager - Update completed for 1 poms: local refresh takes 0.00 sec, refresh facades takes 3.00 sec, update config takes 3.00 sec 
2025-11-06 21:04:18,759 [Worker-9: Building] INFO  o.a.m.s.f.DefaultMavenResourcesFiltering - Copying 1 resource from src\main\resources to target\classes
2025-11-06 21:04:18,807 [Worker-9: Building] INFO  o.a.m.s.f.DefaultMavenResourcesFiltering - Copying 0 resource from src\main\resources to target\classes
2025-11-06 21:04:18,819 [Worker-9: Building] INFO  o.a.m.s.f.DefaultMavenResourcesFiltering - skip non existing resourceDirectory C:\ODD_SEM_DEVOPS\RECIPE-ANSIBLE\recipedemoproject\src\test\resources
2025-11-06 21:04:18,821 [Worker-9: Building] INFO  o.e.m.w.i.f.ResourceFilteringBuildParticipant - Changed resources require a complete clean of filtered resources of recipedemoproject
2025-11-06 21:04:18,824 [Worker-9: Building] INFO  o.e.m.w.i.f.ResourceFilteringBuildParticipant - Executing resource filtering for recipedemoproject
